
> react-typescript-starter@0.1.0 test
> react-scripts test --coverage

Browserslist: caniuse-lite is outdated. Please run:
  npx browserslist@latest --update-db
  Why you should do it regularly: https://github.com/browserslist/browserslist#browsers-data-updating
PASS src/App.test.tsx
  ✓ renders the course name somewhere (33 ms)

------------------|---------|----------|---------|---------|-------------------
File              | % Stmts | % Branch | % Funcs | % Lines | Uncovered Line #s 
------------------|---------|----------|---------|---------|-------------------
All files         |    1.61 |        0 |       5 |    1.69 |                   
 src              |    3.22 |        0 |      10 |    3.22 |                   
  App.tsx         |     100 |      100 |     100 |     100 |                   
  Item.tsx        |       0 |        0 |       0 |       0 | 7-16              
  Overlay.tsx     |       0 |      100 |       0 |       0 | 7-8               
  Square.tsx      |       0 |        0 |       0 |       0 | 7-11              
  constants.ts    |       0 |      100 |     100 |       0 | 1                 
  game.ts         |       0 |        0 |       0 |       0 | 4-58              
 src/components   |       0 |        0 |       0 |       0 |                   
  Board.tsx       |       0 |        0 |       0 |       0 | 10-52             
  BoardSquare.tsx |       0 |        0 |       0 |       0 | 14-31             
  Square.tsx      |       0 |        0 |       0 |       0 | 7-11              
------------------|---------|----------|---------|---------|-------------------
Test Suites: 1 passed, 1 total
Tests:       1 passed, 1 total
Snapshots:   0 total
Time:        2.013 s
Ran all test suites.
